ChattingApp/app/build/intermediates/manifest_merge_blame_file/debug/manifest-merger-blame-debug-report.txt
1<?xml version="1.0" encoding="utf-8"?>
2<manifest xmlns:android="http://schemas.android.com/apk/res/android"
3    package="com.example.chattingapp"
4    android:versionCode="1"
5    android:versionName="1.0" >
6
7    <uses-sdk
8        android:minSdkVersion="21"
8-->src\main\AndroidManifest.xml
9        android:targetSdkVersion="30" />
9-->src\main\AndroidManifest.xml
10
11    <uses-permission android:name="android.permission.WAKE_LOCK" />
11-->[androidx.work:work-runtime:2.4.0] AndroidManifest.xml:25:5-68
11-->[androidx.work:work-runtime:2.4.0] AndroidManifest.xml:25:22-65
12    <uses-permission android:name="android.permission.ACCESS_NETWORK_STATE" />
12-->[androidx.work:work-runtime:2.4.0] AndroidManifest.xml:26:5-79
12-->[androidx.work:work-runtime:2.4.0] AndroidManifest.xml:26:22-76
13    <uses-permission android:name="android.permission.RECEIVE_BOOT_COMPLETED" />
13-->[androidx.work:work-runtime:2.4.0] AndroidManifest.xml:27:5-81
13-->[androidx.work:work-runtime:2.4.0] AndroidManifest.xml:27:22-78
14    <uses-permission android:name="android.permission.FOREGROUND_SERVICE" /> <!-- Required by older versions of Google Play services to create IID tokens -->
14-->[androidx.work:work-runtime:2.4.0] AndroidManifest.xml:28:5-77
14-->[androidx.work:work-runtime:2.4.0] AndroidManifest.xml:28:22-74
15    <uses-permission android:name="com.google.android.c2dm.permission.RECEIVE" />
15-->[com.google.firebase:firebase-messaging:23.0.0] AndroidManifest.xml:25:5-82
15-->[com.google.firebase:firebase-messaging:23.0.0] AndroidManifest.xml:25:22-79
16    <uses-permission android:name="android.permission.INTERNET" />
16-->[com.google.android.datatransport:transport-backend-cct:3.0.0] AndroidManifest.xml:26:5-67
16-->[com.google.android.datatransport:transport-backend-cct:3.0.0] AndroidManifest.xml:26:22-64
17    <uses-permission android:name="com.google.android.finsky.permission.BIND_GET_INSTALL_REFERRER_SERVICE" />
17-->[com.google.android.gms:play-services-measurement:20.0.0] AndroidManifest.xml:26:5-110
17-->[com.google.android.gms:play-services-measurement:20.0.0] AndroidManifest.xml:26:22-107
18
19    <application
19-->src\main\AndroidManifest.xml:5:5-33:19
20        android:allowBackup="true"
20-->src\main\AndroidManifest.xml:6:9-35
21        android:appComponentFactory="androidx.core.app.CoreComponentFactory"
21-->[androidx.core:core:1.6.0] AndroidManifest.xml:24:18-86
22        android:debuggable="true"
23        android:icon="@mipmap/ic_launcher"
23-->src\main\AndroidManifest.xml:7:9-43
24        android:label="@string/app_name"
24-->src\main\AndroidManifest.xml:8:9-41
25        android:roundIcon="@mipmap/ic_launcher_round"
25-->src\main\AndroidManifest.xml:9:9-54
26        android:supportsRtl="true"
26-->src\main\AndroidManifest.xml:10:9-35
27        android:theme="@style/Theme.ChattingApp" >
27-->src\main\AndroidManifest.xml:11:9-49
28        <activity
28-->src\main\AndroidManifest.xml:13:9-21:20
29            android:name="com.example.chattingapp.ui.ChatActivity"
29-->src\main\AndroidManifest.xml:14:13-44
30            android:exported="true" >
30-->src\main\AndroidManifest.xml:15:13-36
31
32            <!--
33            <intent-filter>
34                <action android:name="android.intent.action.MAIN" />
35
36                <category android:name="android.intent.category.LAUNCHER" />
37            </intent-filter>
38            -->
39        </activity>
40        <activity
40-->src\main\AndroidManifest.xml:23:9-31:20
41            android:name="com.example.chattingapp.ui.MainActivity"
41-->src\main\AndroidManifest.xml:24:13-44
42            android:exported="true" >
42-->src\main\AndroidManifest.xml:25:13-36
43            <intent-filter>
43-->src\main\AndroidManifest.xml:26:13-30:29
44                <action android:name="android.intent.action.MAIN" />
44-->src\main\AndroidManifest.xml:27:17-69
44-->src\main\AndroidManifest.xml:27:25-66
45
46                <category android:name="android.intent.category.LAUNCHER" />
46-->src\main\AndroidManifest.xml:29:17-77
46-->src\main\AndroidManifest.xml:29:27-74
47            </intent-filter>
48        </activity>
49        <!-- <activity android:name=".ui.ChatActivity" /> -->
50        <provider
50-->[androidx.work:work-runtime:2.4.0] AndroidManifest.xml:31:9-37:35
51            android:name="androidx.work.impl.WorkManagerInitializer"
51-->[androidx.work:work-runtime:2.4.0] AndroidManifest.xml:32:13-69
52            android:authorities="com.example.chattingapp.workmanager-init"
52-->[androidx.work:work-runtime:2.4.0] AndroidManifest.xml:33:13-68
53            android:directBootAware="false"
53-->[androidx.work:work-runtime:2.4.0] AndroidManifest.xml:34:13-44
54            android:exported="false"
54-->[androidx.work:work-runtime:2.4.0] AndroidManifest.xml:35:13-37
55            android:multiprocess="true" />
55-->[androidx.work:work-runtime:2.4.0] AndroidManifest.xml:36:13-40
56
57        <service
57-->[androidx.work:work-runtime:2.4.0] AndroidManifest.xml:39:9-44:35
58            android:name="androidx.work.impl.background.systemalarm.SystemAlarmService"
58-->[androidx.work:work-runtime:2.4.0] AndroidManifest.xml:40:13-88
59            android:directBootAware="false"
59-->[androidx.work:work-runtime:2.4.0] AndroidManifest.xml:41:13-44
60            android:enabled="@bool/enable_system_alarm_service_default"
60-->[androidx.work:work-runtime:2.4.0] AndroidManifest.xml:42:13-72
61            android:exported="false" />
61-->[androidx.work:work-runtime:2.4.0] AndroidManifest.xml:43:13-37
62        <service
62-->[androidx.work:work-runtime:2.4.0] AndroidManifest.xml:45:9-51:35
63            android:name="androidx.work.impl.background.systemjob.SystemJobService"
63-->[androidx.work:work-runtime:2.4.0] AndroidManifest.xml:46:13-84
64            android:directBootAware="false"
64-->[androidx.work:work-runtime:2.4.0] AndroidManifest.xml:47:13-44
65            android:enabled="@bool/enable_system_job_service_default"
65-->[androidx.work:work-runtime:2.4.0] AndroidManifest.xml:48:13-70
66            android:exported="true"
66-->[androidx.work:work-runtime:2.4.0] AndroidManifest.xml:49:13-36
67            android:permission="android.permission.BIND_JOB_SERVICE" />
67-->[androidx.work:work-runtime:2.4.0] AndroidManifest.xml:50:13-69
68        <service
68-->[androidx.work:work-runtime:2.4.0] AndroidManifest.xml:52:9-57:35
69            android:name="androidx.work.impl.foreground.SystemForegroundService"
69-->[androidx.work:work-runtime:2.4.0] AndroidManifest.xml:53:13-81
70            android:directBootAware="false"
70-->[androidx.work:work-runtime:2.4.0] AndroidManifest.xml:54:13-44
71            android:enabled="@bool/enable_system_foreground_service_default"
71-->[androidx.work:work-runtime:2.4.0] AndroidManifest.xml:55:13-77
72            android:exported="false" />
72-->[androidx.work:work-runtime:2.4.0] AndroidManifest.xml:56:13-37
73
74        <receiver
74-->[androidx.work:work-runtime:2.4.0] AndroidManifest.xml:59:9-64:35
75            android:name="androidx.work.impl.utils.ForceStopRunnable$BroadcastReceiver"
75-->[androidx.work:work-runtime:2.4.0] AndroidManifest.xml:60:13-88
76            android:directBootAware="false"
76-->[androidx.work:work-runtime:2.4.0] AndroidManifest.xml:61:13-44
77            android:enabled="true"
77-->[androidx.work:work-runtime:2.4.0] AndroidManifest.xml:62:13-35
78            android:exported="false" />
78-->[androidx.work:work-runtime:2.4.0] AndroidManifest.xml:63:13-37
79        <receiver
79-->[androidx.work:work-runtime:2.4.0] AndroidManifest.xml:65:9-75:20
80            android:name="androidx.work.impl.background.systemalarm.ConstraintProxy$BatteryChargingProxy"
80-->[androidx.work:work-runtime:2.4.0] AndroidManifest.xml:66:13-106
81            android:directBootAware="false"
81-->[androidx.work:work-runtime:2.4.0] AndroidManifest.xml:67:13-44
82            android:enabled="false"
82-->[androidx.work:work-runtime:2.4.0] AndroidManifest.xml:68:13-36
83            android:exported="false" >
83-->[androidx.work:work-runtime:2.4.0] AndroidManifest.xml:69:13-37
84            <intent-filter>
84-->[androidx.work:work-runtime:2.4.0] AndroidManifest.xml:71:13-74:29
85                <action android:name="android.intent.action.ACTION_POWER_CONNECTED" />
85-->[androidx.work:work-runtime:2.4.0] AndroidManifest.xml:72:17-87
85-->[androidx.work:work-runtime:2.4.0] AndroidManifest.xml:72:25-84
86                <action android:name="android.intent.action.ACTION_POWER_DISCONNECTED" />
86-->[androidx.work:work-runtime:2.4.0] AndroidManifest.xml:73:17-90
86-->[androidx.work:work-runtime:2.4.0] AndroidManifest.xml:73:25-87
87            </intent-filter>
88        </receiver>
89        <receiver
89-->[androidx.work:work-runtime:2.4.0] AndroidManifest.xml:76:9-86:20
90            android:name="androidx.work.impl.background.systemalarm.ConstraintProxy$BatteryNotLowProxy"
90-->[androidx.work:work-runtime:2.4.0] AndroidManifest.xml:77:13-104
91            android:directBootAware="false"
91-->[androidx.work:work-runtime:2.4.0] AndroidManifest.xml:78:13-44
92            android:enabled="false"
92-->[androidx.work:work-runtime:2.4.0] AndroidManifest.xml:79:13-36
93            android:exported="false" >
93-->[androidx.work:work-runtime:2.4.0] AndroidManifest.xml:80:13-37
94            <intent-filter>
94-->[androidx.work:work-runtime:2.4.0] AndroidManifest.xml:82:13-85:29
95                <action android:name="android.intent.action.BATTERY_OKAY" />
95-->[androidx.work:work-runtime:2.4.0] AndroidManifest.xml:83:17-77
95-->[androidx.work:work-runtime:2.4.0] AndroidManifest.xml:83:25-74
96                <action android:name="android.intent.action.BATTERY_LOW" />
96-->[androidx.work:work-runtime:2.4.0] AndroidManifest.xml:84:17-76
96-->[androidx.work:work-runtime:2.4.0] AndroidManifest.xml:84:25-73
97            </intent-filter>
98        </receiver>
99        <receiver
99-->[androidx.work:work-runtime:2.4.0] AndroidManifest.xml:87:9-97:20
100            android:name="androidx.work.impl.background.systemalarm.ConstraintProxy$StorageNotLowProxy"
100-->[androidx.work:work-runtime:2.4.0] AndroidManifest.xml:88:13-104
101            android:directBootAware="false"
101-->[androidx.work:work-runtime:2.4.0] AndroidManifest.xml:89:13-44
102            android:enabled="false"
102-->[androidx.work:work-runtime:2.4.0] AndroidManifest.xml:90:13-36
103            android:exported="false" >
103-->[androidx.work:work-runtime:2.4.0] AndroidManifest.xml:91:13-37
104            <intent-filter>
104-->[androidx.work:work-runtime:2.4.0] AndroidManifest.xml:93:13-96:29
105                <action android:name="android.intent.action.DEVICE_STORAGE_LOW" />
105-->[androidx.work:work-runtime:2.4.0] AndroidManifest.xml:94:17-83
105-->[androidx.work:work-runtime:2.4.0] AndroidManifest.xml:94:25-80
106                <action android:name="android.intent.action.DEVICE_STORAGE_OK" />
106-->[androidx.work:work-runtime:2.4.0] AndroidManifest.xml:95:17-82
106-->[androidx.work:work-runtime:2.4.0] AndroidManifest.xml:95:25-79
107            </intent-filter>
108        </receiver>
109        <receiver
109-->[androidx.work:work-runtime:2.4.0] AndroidManifest.xml:98:9-107:20
110            android:name="androidx.work.impl.background.systemalarm.ConstraintProxy$NetworkStateProxy"
110-->[androidx.work:work-runtime:2.4.0] AndroidManifest.xml:99:13-103
111            android:directBootAware="false"
111-->[androidx.work:work-runtime:2.4.0] AndroidManifest.xml:100:13-44
112            android:enabled="false"
112-->[androidx.work:work-runtime:2.4.0] AndroidManifest.xml:101:13-36
113            android:exported="false" >
113-->[androidx.work:work-runtime:2.4.0] AndroidManifest.xml:102:13-37
114            <intent-filter>
114-->[androidx.work:work-runtime:2.4.0] AndroidManifest.xml:104:13-106:29
115                <action android:name="android.net.conn.CONNECTIVITY_CHANGE" />
115-->[androidx.work:work-runtime:2.4.0] AndroidManifest.xml:105:17-79
115-->[androidx.work:work-runtime:2.4.0] AndroidManifest.xml:105:25-76
116            </intent-filter>
117        </receiver>
118        <receiver
118-->[androidx.work:work-runtime:2.4.0] AndroidManifest.xml:108:9-119:20
119            android:name="androidx.work.impl.background.systemalarm.RescheduleReceiver"
119-->[androidx.work:work-runtime:2.4.0] AndroidManifest.xml:109:13-88
120            android:directBootAware="false"
120-->[androidx.work:work-runtime:2.4.0] AndroidManifest.xml:110:13-44
121            android:enabled="false"
121-->[androidx.work:work-runtime:2.4.0] AndroidManifest.xml:111:13-36
122            android:exported="false" >
122-->[androidx.work:work-runtime:2.4.0] AndroidManifest.xml:112:13-37
123            <intent-filter>
123-->[androidx.work:work-runtime:2.4.0] AndroidManifest.xml:114:13-118:29
124                <action android:name="android.intent.action.BOOT_COMPLETED" />
124-->[androidx.work:work-runtime:2.4.0] AndroidManifest.xml:115:17-79
124-->[androidx.work:work-runtime:2.4.0] AndroidManifest.xml:115:25-76
125                <action android:name="android.intent.action.TIME_SET" />
125-->[androidx.work:work-runtime:2.4.0] AndroidManifest.xml:116:17-73
125-->[androidx.work:work-runtime:2.4.0] AndroidManifest.xml:116:25-70
126                <action android:name="android.intent.action.TIMEZONE_CHANGED" />
126-->[androidx.work:work-runtime:2.4.0] AndroidManifest.xml:117:17-81
126-->[androidx.work:work-runtime:2.4.0] AndroidManifest.xml:117:25-78
127            </intent-filter>
128        </receiver>
129        <receiver
129-->[androidx.work:work-runtime:2.4.0] AndroidManifest.xml:120:9-129:20
130            android:name="androidx.work.impl.background.systemalarm.ConstraintProxyUpdateReceiver"
130-->[androidx.work:work-runtime:2.4.0] AndroidManifest.xml:121:13-99
131            android:directBootAware="false"
131-->[androidx.work:work-runtime:2.4.0] AndroidManifest.xml:122:13-44
132            android:enabled="@bool/enable_system_alarm_service_default"
132-->[androidx.work:work-runtime:2.4.0] AndroidManifest.xml:123:13-72
133            android:exported="false" >
133-->[androidx.work:work-runtime:2.4.0] AndroidManifest.xml:124:13-37
134            <intent-filter>
134-->[androidx.work:work-runtime:2.4.0] AndroidManifest.xml:126:13-128:29
135                <action android:name="androidx.work.impl.background.systemalarm.UpdateProxies" />
135-->[androidx.work:work-runtime:2.4.0] AndroidManifest.xml:127:17-98
135-->[androidx.work:work-runtime:2.4.0] AndroidManifest.xml:127:25-95
136            </intent-filter>
137        </receiver>
138        <receiver
138-->[androidx.work:work-runtime:2.4.0] AndroidManifest.xml:130:9-140:20
139            android:name="androidx.work.impl.diagnostics.DiagnosticsReceiver"
139-->[androidx.work:work-runtime:2.4.0] AndroidManifest.xml:131:13-78
140            android:directBootAware="false"
140-->[androidx.work:work-runtime:2.4.0] AndroidManifest.xml:132:13-44
141            android:enabled="true"
141-->[androidx.work:work-runtime:2.4.0] AndroidManifest.xml:133:13-35
142            android:exported="true"
142-->[androidx.work:work-runtime:2.4.0] AndroidManifest.xml:134:13-36
143            android:permission="android.permission.DUMP" >
143-->[androidx.work:work-runtime:2.4.0] AndroidManifest.xml:135:13-57
144            <intent-filter>
144-->[androidx.work:work-runtime:2.4.0] AndroidManifest.xml:137:13-139:29
145                <action android:name="androidx.work.diagnostics.REQUEST_DIAGNOSTICS" />
145-->[androidx.work:work-runtime:2.4.0] AndroidManifest.xml:138:17-88
145-->[androidx.work:work-runtime:2.4.0] AndroidManifest.xml:138:25-85
146            </intent-filter>
147        </receiver>
148
149        <service
149-->[androidx.room:room-runtime:2.2.5] AndroidManifest.xml:25:9-28:40
150            android:name="androidx.room.MultiInstanceInvalidationService"
150-->[androidx.room:room-runtime:2.2.5] AndroidManifest.xml:26:13-74
151            android:directBootAware="true"
151-->[androidx.room:room-runtime:2.2.5] AndroidManifest.xml:27:13-43
152            android:exported="false" />
152-->[androidx.room:room-runtime:2.2.5] AndroidManifest.xml:28:13-37
153        <service
153-->[com.google.firebase:firebase-messaging-ktx:23.0.0] AndroidManifest.xml:26:9-32:19
154            android:name="com.google.firebase.components.ComponentDiscoveryService"
154-->[com.google.firebase:firebase-messaging-ktx:23.0.0] AndroidManifest.xml:27:13-84
155            android:directBootAware="true"
155-->[com.google.firebase:firebase-common:20.0.0] AndroidManifest.xml:35:13-43
156            android:exported="false" >
156-->[com.google.firebase:firebase-messaging-ktx:23.0.0] AndroidManifest.xml:28:13-37
157            <meta-data
157-->[com.google.firebase:firebase-messaging-ktx:23.0.0] AndroidManifest.xml:29:13-31:85
158                android:name="com.google.firebase.components:com.google.firebase.messaging.ktx.FirebaseMessagingKtxRegistrar"
158-->[com.google.firebase:firebase-messaging-ktx:23.0.0] AndroidManifest.xml:30:17-126
159                android:value="com.google.firebase.components.ComponentRegistrar" />
159-->[com.google.firebase:firebase-messaging-ktx:23.0.0] AndroidManifest.xml:31:17-82
160            <meta-data
160-->[com.google.firebase:firebase-analytics-ktx:20.0.0] AndroidManifest.xml:11:13-13:85
161                android:name="com.google.firebase.components:com.google.firebase.analytics.ktx.FirebaseAnalyticsKtxRegistrar"
161-->[com.google.firebase:firebase-analytics-ktx:20.0.0] AndroidManifest.xml:12:17-126
162                android:value="com.google.firebase.components.ComponentRegistrar" />
162-->[com.google.firebase:firebase-analytics-ktx:20.0.0] AndroidManifest.xml:13:17-82
163            <meta-data
163-->[com.google.firebase:firebase-messaging:23.0.0] AndroidManifest.xml:52:13-54:85
164                android:name="com.google.firebase.components:com.google.firebase.messaging.FirebaseMessagingRegistrar"
164-->[com.google.firebase:firebase-messaging:23.0.0] AndroidManifest.xml:53:17-119
165                android:value="com.google.firebase.components.ComponentRegistrar" />
165-->[com.google.firebase:firebase-messaging:23.0.0] AndroidManifest.xml:54:17-82
166            <meta-data
166-->[com.google.firebase:firebase-datatransport:18.0.0] AndroidManifest.xml:28:13-30:85
167                android:name="com.google.firebase.components:com.google.firebase.datatransport.TransportRegistrar"
167-->[com.google.firebase:firebase-datatransport:18.0.0] AndroidManifest.xml:29:17-115
168                android:value="com.google.firebase.components.ComponentRegistrar" />
168-->[com.google.firebase:firebase-datatransport:18.0.0] AndroidManifest.xml:30:17-82
169            <meta-data
169-->[com.google.firebase:firebase-common-ktx:20.0.0] AndroidManifest.xml:15:13-17:85
170                android:name="com.google.firebase.components:com.google.firebase.ktx.FirebaseCommonKtxRegistrar"
170-->[com.google.firebase:firebase-common-ktx:20.0.0] AndroidManifest.xml:16:17-113
171                android:value="com.google.firebase.components.ComponentRegistrar" />
171-->[com.google.firebase:firebase-common-ktx:20.0.0] AndroidManifest.xml:17:17-82
172            <meta-data
172-->[com.google.android.gms:play-services-measurement-api:20.0.0] AndroidManifest.xml:30:13-32:85
173                android:name="com.google.firebase.components:com.google.firebase.analytics.connector.internal.AnalyticsConnectorRegistrar"
173-->[com.google.android.gms:play-services-measurement-api:20.0.0] AndroidManifest.xml:31:17-139
174                android:value="com.google.firebase.components.ComponentRegistrar" />
174-->[com.google.android.gms:play-services-measurement-api:20.0.0] AndroidManifest.xml:32:17-82
175            <meta-data
175-->[com.google.firebase:firebase-installations:17.0.0] AndroidManifest.xml:18:13-20:85
176                android:name="com.google.firebase.components:com.google.firebase.installations.FirebaseInstallationsRegistrar"
176-->[com.google.firebase:firebase-installations:17.0.0] AndroidManifest.xml:19:17-127
177                android:value="com.google.firebase.components.ComponentRegistrar" />
177-->[com.google.firebase:firebase-installations:17.0.0] AndroidManifest.xml:20:17-82
178        </service>
179
180        <receiver
180-->[com.google.firebase:firebase-messaging:23.0.0] AndroidManifest.xml:28:9-35:20
181            android:name="com.google.firebase.iid.FirebaseInstanceIdReceiver"
181-->[com.google.firebase:firebase-messaging:23.0.0] AndroidManifest.xml:29:13-78
182            android:exported="true"
182-->[com.google.firebase:firebase-messaging:23.0.0] AndroidManifest.xml:30:13-36
183            android:permission="com.google.android.c2dm.permission.SEND" >
183-->[com.google.firebase:firebase-messaging:23.0.0] AndroidManifest.xml:31:13-73
184            <intent-filter>
184-->[com.google.firebase:firebase-messaging:23.0.0] AndroidManifest.xml:32:13-34:29
185                <action android:name="com.google.android.c2dm.intent.RECEIVE" />
185-->[com.google.firebase:firebase-messaging:23.0.0] AndroidManifest.xml:33:17-81
185-->[com.google.firebase:firebase-messaging:23.0.0] AndroidManifest.xml:33:25-78
186            </intent-filter>
187        </receiver>
188        <!--
189             FirebaseMessagingService performs security checks at runtime,
190             but set to not exported to explicitly avoid allowing another app to call it.
191        -->
192        <service
192-->[com.google.firebase:firebase-messaging:23.0.0] AndroidManifest.xml:41:9-48:19
193            android:name="com.google.firebase.messaging.FirebaseMessagingService"
193-->[com.google.firebase:firebase-messaging:23.0.0] AndroidManifest.xml:42:13-82
194            android:directBootAware="true"
194-->[com.google.firebase:firebase-messaging:23.0.0] AndroidManifest.xml:43:13-43
195            android:exported="false" >
195-->[com.google.firebase:firebase-messaging:23.0.0] AndroidManifest.xml:44:13-37
196            <intent-filter android:priority="-500" >
196-->[com.google.firebase:firebase-messaging:23.0.0] AndroidManifest.xml:45:13-47:29
196-->[com.google.firebase:firebase-messaging:23.0.0] AndroidManifest.xml:45:28-51
197                <action android:name="com.google.firebase.MESSAGING_EVENT" />
197-->[com.google.firebase:firebase-messaging:23.0.0] AndroidManifest.xml:46:17-78
197-->[com.google.firebase:firebase-messaging:23.0.0] AndroidManifest.xml:46:25-75
198            </intent-filter>
199        </service>
200        <service
200-->[com.google.android.datatransport:transport-backend-cct:3.0.0] AndroidManifest.xml:29:9-35:19
201            android:name="com.google.android.datatransport.runtime.backends.TransportBackendDiscovery"
201-->[com.google.android.datatransport:transport-backend-cct:3.0.0] AndroidManifest.xml:30:13-103
202            android:exported="false" >
202-->[com.google.android.datatransport:transport-backend-cct:3.0.0] AndroidManifest.xml:31:13-37
203            <meta-data
203-->[com.google.android.datatransport:transport-backend-cct:3.0.0] AndroidManifest.xml:32:13-34:39
204                android:name="backend:com.google.android.datatransport.cct.CctBackendFactory"
204-->[com.google.android.datatransport:transport-backend-cct:3.0.0] AndroidManifest.xml:33:17-94
205                android:value="cct" />
205-->[com.google.android.datatransport:transport-backend-cct:3.0.0] AndroidManifest.xml:34:17-36
206        </service>
207
208        <provider
208-->[com.google.firebase:firebase-common:20.0.0] AndroidManifest.xml:26:9-31:39
209            android:name="com.google.firebase.provider.FirebaseInitProvider"
209-->[com.google.firebase:firebase-common:20.0.0] AndroidManifest.xml:27:13-77
210            android:authorities="com.example.chattingapp.firebaseinitprovider"
210-->[com.google.firebase:firebase-common:20.0.0] AndroidManifest.xml:28:13-72
211            android:directBootAware="true"
211-->[com.google.firebase:firebase-common:20.0.0] AndroidManifest.xml:29:13-43
212            android:exported="false"
212-->[com.google.firebase:firebase-common:20.0.0] AndroidManifest.xml:30:13-37
213            android:initOrder="100" />
213-->[com.google.firebase:firebase-common:20.0.0] AndroidManifest.xml:31:13-36
214
215        <receiver
215-->[com.google.android.gms:play-services-measurement:20.0.0] AndroidManifest.xml:29:9-33:20
216            android:name="com.google.android.gms.measurement.AppMeasurementReceiver"
216-->[com.google.android.gms:play-services-measurement:20.0.0] AndroidManifest.xml:30:13-85
217            android:enabled="true"
217-->[com.google.android.gms:play-services-measurement:20.0.0] AndroidManifest.xml:31:13-35
218            android:exported="false" >
218-->[com.google.android.gms:play-services-measurement:20.0.0] AndroidManifest.xml:32:13-37
219        </receiver>
220
221        <service
221-->[com.google.android.gms:play-services-measurement:20.0.0] AndroidManifest.xml:35:9-38:40
222            android:name="com.google.android.gms.measurement.AppMeasurementService"
222-->[com.google.android.gms:play-services-measurement:20.0.0] AndroidManifest.xml:36:13-84
223            android:enabled="true"
223-->[com.google.android.gms:play-services-measurement:20.0.0] AndroidManifest.xml:37:13-35
224            android:exported="false" />
224-->[com.google.android.gms:play-services-measurement:20.0.0] AndroidManifest.xml:38:13-37
225        <service
225-->[com.google.android.gms:play-services-measurement:20.0.0] AndroidManifest.xml:39:9-43:72
226            android:name="com.google.android.gms.measurement.AppMeasurementJobService"
226-->[com.google.android.gms:play-services-measurement:20.0.0] AndroidManifest.xml:40:13-87
227            android:enabled="true"
227-->[com.google.android.gms:play-services-measurement:20.0.0] AndroidManifest.xml:41:13-35
228            android:exported="false"
228-->[com.google.android.gms:play-services-measurement:20.0.0] AndroidManifest.xml:42:13-37
229            android:permission="android.permission.BIND_JOB_SERVICE" />
229-->[com.google.android.gms:play-services-measurement:20.0.0] AndroidManifest.xml:43:13-69
230
231        <meta-data
231-->[com.google.android.gms:play-services-basement:17.2.1] AndroidManifest.xml:23:9-25:69
232            android:name="com.google.android.gms.version"
232-->[com.google.android.gms:play-services-basement:17.2.1] AndroidManifest.xml:24:13-58
233            android:value="@integer/google_play_services_version" />
233-->[com.google.android.gms:play-services-basement:17.2.1] AndroidManifest.xml:25:13-66
234
235        <provider
235-->[androidx.lifecycle:lifecycle-process:2.2.0] AndroidManifest.xml:25:9-29:43
236            android:name="androidx.lifecycle.ProcessLifecycleOwnerInitializer"
236-->[androidx.lifecycle:lifecycle-process:2.2.0] AndroidManifest.xml:26:13-79
237            android:authorities="com.example.chattingapp.lifecycle-process"
237-->[androidx.lifecycle:lifecycle-process:2.2.0] AndroidManifest.xml:27:13-69
238            android:exported="false"
238-->[androidx.lifecycle:lifecycle-process:2.2.0] AndroidManifest.xml:28:13-37
239            android:multiprocess="true" />
239-->[androidx.lifecycle:lifecycle-process:2.2.0] AndroidManifest.xml:29:13-40
240
241        <service
241-->[com.google.android.datatransport:transport-runtime:3.0.0] AndroidManifest.xml:26:9-30:19
242            android:name="com.google.android.datatransport.runtime.scheduling.jobscheduling.JobInfoSchedulerService"
242-->[com.google.android.datatransport:transport-runtime:3.0.0] AndroidManifest.xml:27:13-117
243            android:exported="false"
243-->[com.google.android.datatransport:transport-runtime:3.0.0] AndroidManifest.xml:28:13-37
244            android:permission="android.permission.BIND_JOB_SERVICE" >
244-->[com.google.android.datatransport:transport-runtime:3.0.0] AndroidManifest.xml:29:13-69
245        </service>
246
247        <receiver
247-->[com.google.android.datatransport:transport-runtime:3.0.0] AndroidManifest.xml:32:9-34:40
248            android:name="com.google.android.datatransport.runtime.scheduling.jobscheduling.AlarmManagerSchedulerBroadcastReceiver"
248-->[com.google.android.datatransport:transport-runtime:3.0.0] AndroidManifest.xml:33:13-132
249            android:exported="false" />
249-->[com.google.android.datatransport:transport-runtime:3.0.0] AndroidManifest.xml:34:13-37
250    </application>
251
252</manifest>